<?xml version="1.0" encoding="UTF-8"?>
<!-- Generated by org.testng.reporters.JUnitReportReporter -->
<testsuite hostname="PF46H4BR" failures="0" tests="2" name="qa.test.TestCase1" time="37.420" errors="0" timestamp="2024-11-07T17:41:27 IST" skipped="0">
  <testcase classname="qa.test.TestCase1" name="sampleMethodToClickFresh" time="21.297"/>
  <testcase classname="qa.test.TestCase1" name="sampleMethodToOpenAmazon" time="16.123"/>
  <system-out>
    <![CDATA[Setting driver
Setting driver]]>
  </system-out>
</testsuite> <!-- qa.test.TestCase1 -->
